08-29-2024 21:54 | 02_Lobby | 0h 1m 30s
08-29-2024 21:56 | 02_Lobby | 0h 1m 19s
08-29-2024 22:00 | 02_Lobby | 0h 1m 57s
08-29-2024 22:02 | 02_Lobby | 0h 1m 26s
08-29-2024 22:04 | 02_Lobby | 0h 1m 24s
08-29-2024 22:06 | 02_Lobby | 0h 1m 24s
08-29-2024 22:15 | 02_Lobby | 0h 1m 27s
08-29-2024 22:20 | 02_Lobby | 0h 1m 38s
08-29-2024 22:24 | 02_Lobby | 0h 1m 37s
08-29-2024 22:26 | 02_Lobby | 0h 1m 30s
08-29-2024 22:31 | 02_Lobby | 0h 1m 24s
08-29-2024 22:33 | 02_Lobby | 0h 1m 36s
08-29-2024 22:40 | 02_Lobby | 0h 1m 28s
08-29-2024 22:46 | 02_Lobby | 0h 1m 58s
08-29-2024 22:49 | 02_Lobby | 0h 1m 56s
08-29-2024 22:51 | 02_Lobby | 0h 1m 55s
08-29-2024 22:54 | 02_Lobby | 0h 1m 55s
08-29-2024 22:56 | 02_Lobby | 0h 1m 56s
08-29-2024 23:01 | 02_Lobby | 0h 1m 54s
08-29-2024 23:06 | 02_Lobby | 0h 1m 57s
08-29-2024 23:10 | 02_Lobby | 0h 1m 58s
08-29-2024 23:14 | 02_Lobby | 0h 1m 57s
08-30-2024 08:00 | 02_Lobby | 0h 2m 4s
08-30-2024 08:02 | 02_Lobby | 0h 2m 1s
08-30-2024 08:06 | 02_Lobby | 0h 2m 3s
08-30-2024 08:20 | 02_Lobby | 0h 2m 12s
08-30-2024 08:25 | 02_Lobby | 0h 2m 22s
08-30-2024 08:37 | 02_Lobby | 0h 1m 44s
08-30-2024 08:40 | 02_Lobby | 0h 1m 43s
08-30-2024 08:47 | 02_Lobby | 0h 1m 48s
08-30-2024 09:05 | 01_Home | 0h 7m 6s
08-30-2024 09:13 | 01_Home | 0h 5m 28s
08-30-2024 09:20 | 01_Home | 0h 5m 15s
08-30-2024 09:41 | 01_Home | 0h 7m 1s
08-30-2024 09:50 | 01_Home | 0h 5m 56s
08-30-2024 10:11 | 01_Home | 0h 6m 3s
08-30-2024 10:38 | 01_Home | 0h 7m 15s
08-30-2024 10:45 | 01_Home | 0h 5m 31s
08-30-2024 21:32 | 02_Lobby(Bakery) | 0h 1m 9s
08-30-2024 21:39 | 02_Lobby(Bakery) | 0h 1m 20s
08-30-2024 21:45 | 02_Lobby(Bakery) | 0h 1m 10s
08-30-2024 21:47 | 02_Lobby(Bakery) | 0h 1m 10s
08-30-2024 21:51 | 02_Lobby(Bakery) | 0h 1m 9s
08-30-2024 21:55 | 02_Lobby(Bakery) | 0h 1m 10s
08-30-2024 21:58 | 02_Lobby(Bakery) | 0h 1m 8s
08-30-2024 22:08 | 02_Lobby(Bakery) | 0h 1m 10s
08-30-2024 22:12 | 02_Lobby(Bakery) | 0h 1m 3s
08-30-2024 22:16 | 02_Lobby(Bakery) | 0h 1m 2s
08-30-2024 22:24 | 02_Lobby(Bakery) | 0h 1m 1s
08-30-2024 22:28 | 02_Lobby(Bakery) | 0h 1m 7s
08-30-2024 22:33 | 02_Lobby(Bakery) | 0h 1m 1s
08-30-2024 22:35 | 02_Lobby(Bakery) | 0h 1m 0s
08-30-2024 22:37 | 02_Lobby(Bakery) | 0h 1m 6s
08-30-2024 22:39 | 02_Lobby(Bakery) | 0h 1m 0s
08-30-2024 22:45 | 02_Lobby(Bakery) | 0h 1m 1s
08-30-2024 22:54 | 01_Home | 0h 5m 31s
08-30-2024 23:02 | 01_Home | 0h 6m 51s
08-30-2024 23:12 | 01_Home | 0h 7m 1s
08-30-2024 23:22 | 01_Home | 0h 8m 2s
08-30-2024 23:31 | 01_Home | 0h 5m 9s
08-30-2024 23:38 | 01_Home | 0h 5m 11s
08-31-2024 00:25 | 01_Home | 0h 7m 3s
08-31-2024 00:32 | 01_Home | 0h 5m 8s
08-31-2024 09:40 | 01_Home | 0h 4m 8s
08-31-2024 09:45 | 01_Home | 0h 3m 26s
08-31-2024 09:51 | 01_Home | 0h 3m 24s
08-31-2024 09:59 | 01_Home | 0h 3m 26s
08-31-2024 10:06 | 01_Home | 0h 4m 46s
08-31-2024 10:14 | 01_Home | 0h 3m 25s
08-31-2024 10:24 | 01_Home | 0h 4m 43s
08-31-2024 10:36 | 01_Home | 0h 3m 24s
08-31-2024 10:41 | 01_Home | 0h 3m 25s
08-31-2024 10:45 | 01_Home | 0h 3m 27s
08-31-2024 15:07 | 01_Home | 0h 4m 33s
08-31-2024 15:11 | 01_Home | 0h 3m 30s
08-31-2024 15:29 | 01_Home | 0h 5m 28s
08-31-2024 15:36 | 01_Home | 0h 5m 12s
08-31-2024 15:45 | 01_Home | 0h 5m 10s
08-31-2024 18:19 | 01_Home | 0h 8m 29s
08-31-2024 22:02 | 02_0_Lobby_Cutscenes1 | 0h 0m 17s
08-31-2024 22:09 | 02_0_Lobby_Cutscenes2 | 0h 0m 24s
08-31-2024 22:11 | 02_0_Lobby_Cutscenes2 | 0h 0m 16s
08-31-2024 22:12 | 02_0_Lobby_Cutscenes1 | 0h 0m 16s
08-31-2024 22:15 | 02_0_Lobby_Cutscenes1 | 0h 1m 2s
08-31-2024 22:18 | 02_0_Lobby_Cutscenes2 | 0h 0m 53s
08-31-2024 22:33 | 04_0_StageMap_CutScene | 0h 9m 32s
08-31-2024 23:24 | 04_StageMap | 0h 8m 41s
09-01-2024 18:58 | 03_0_CM_Cutscenes | 0h 2m 2s
09-01-2024 19:06 | 03_0_CM_Cutscenes | 0h 3m 10s
09-01-2024 19:14 | 03_0_CM_Cutscenes | 0h 3m 38s
09-01-2024 19:22 | 03_1_CM_Tutorial | 0h 4m 35s
09-01-2024 19:34 | 02_Lobby | 0h 1m 5s
09-01-2024 21:06 | 03_1_CM_Tutorial | 0h 5m 3s
09-02-2024 11:58 | 02_Lobby | 0h 1m 1s
09-02-2024 12:07 | 02_Lobby | 0h 0m 56s
09-02-2024 12:17 | 04_0_StageMap_CutScene | 0h 8m 10s
09-02-2024 12:33 | 04_StageMap | 0h 10m 59s
09-02-2024 12:43 | 04_StageMap | 0h 8m 49s
09-02-2024 13:01 | 03_2_CM | 0h 3m 33s
09-02-2024 13:06 | 03_2_CM | 0h 2m 58s
